<?xml version="1.0" encoding="UTF-8"?>
<!-- Generated by org.testng.reporters.JUnitXMLReporter -->
<testsuite ignored="3" hostname="Rohit" failures="0" tests="1" name="Default test" time="401.303" errors="0" timestamp="2024-08-11T21:27:57 IST">
  <testcase classname="com.comcast.crm.orgtest.CreateOrganizationTest" name="createOrganizationTest" time="115.25"/>
  <testcase classname="com.comcast.crm.orgtest.CreateOrganizationTest" name="deleteOrganizationTest" time="0.0">
    <ignored/>
  </testcase> <!-- deleteOrganizationTest -->
  <testcase classname="com.comcast.crm.orgtest.CreateOrganizationTest" name="createOrganizationWithIndustriesTest" time="0.0">
    <ignored/>
  </testcase> <!-- createOrganizationWithIndustriesTest -->
  <testcase classname="com.comcast.crm.orgtest.CreateOrganizationTest" name="createOrganizationWithPhoneNoTest" time="0.0">
    <ignored/>
  </testcase> <!-- createOrganizationWithPhoneNoTest -->
</testsuite> <!-- Default test -->
