<?xml version="1.0" encoding="UTF-8"?>
<testng-results ignored="3" total="4" passed="1" failed="0" skipped="0">
  <reporter-output>
  </reporter-output>
  <suite started-at="2024-08-11T21:21:15 IST" name="Default suite" finished-at="2024-08-11T21:27:57 IST" duration-ms="401303">
    <groups>
      <group name="smokeTest">
        <method signature="CreateOrganizationTest.createOrganizationTest()[pri:0, instance:com.comcast.crm.orgtest.CreateOrganizationTest@5ddeb7cb]" name="createOrganizationTest" class="com.comcast.crm.orgtest.CreateOrganizationTest"/>
      </group> <!-- smokeTest -->
    </groups>
    <test started-at="2024-08-11T21:21:15 IST" name="Default test" finished-at="2024-08-11T21:27:57 IST" duration-ms="401303">
      <class name="com.comcast.crm.orgtest.CreateOrganizationTest">
        <test-method is-config="true" signature="configBS()[pri:0, instance:com.comcast.crm.orgtest.CreateOrganizationTest@5ddeb7cb]" started-at="2024-08-11T21:20:13 IST" name="configBS" finished-at="2024-08-11T21:21:15 IST" duration-ms="62044" status="PASS">
          <reporter-output>
          </reporter-output>
        </test-method> <!-- configBS -->
        <test-method is-config="true" signature="configBC()[pri:0, instance:com.comcast.crm.orgtest.CreateOrganizationTest@5ddeb7cb]" started-at="2024-08-11T21:21:16 IST" name="configBC" finished-at="2024-08-11T21:23:15 IST" duration-ms="119254" status="PASS">
          <reporter-output>
          </reporter-output>
        </test-method> <!-- configBC -->
        <test-method is-config="true" signature="configBM()[pri:0, instance:com.comcast.crm.orgtest.CreateOrganizationTest@5ddeb7cb]" started-at="2024-08-11T21:23:15 IST" name="configBM" finished-at="2024-08-11T21:25:07 IST" duration-ms="111778" status="PASS">
          <reporter-output>
          </reporter-output>
        </test-method> <!-- configBM -->
        <test-method signature="createOrganizationTest()[pri:0, instance:com.comcast.crm.orgtest.CreateOrganizationTest@5ddeb7cb]" started-at="2024-08-11T21:25:07 IST" name="createOrganizationTest" finished-at="2024-08-11T21:27:02 IST" duration-ms="115250" status="PASS">
          <reporter-output>
          </reporter-output>
        </test-method> <!-- createOrganizationTest -->
        <test-method is-config="true" signature="configAM()[pri:0, instance:com.comcast.crm.orgtest.CreateOrganizationTest@5ddeb7cb]" started-at="2024-08-11T21:27:02 IST" name="configAM" finished-at="2024-08-11T21:27:42 IST" duration-ms="39600" status="PASS">
          <reporter-output>
          </reporter-output>
        </test-method> <!-- configAM -->
        <test-method is-config="true" signature="configAC()[pri:0, instance:com.comcast.crm.orgtest.CreateOrganizationTest@5ddeb7cb]" started-at="2024-08-11T21:27:42 IST" name="configAC" finished-at="2024-08-11T21:27:57 IST" duration-ms="14816" status="PASS">
          <reporter-output>
          </reporter-output>
        </test-method> <!-- configAC -->
        <test-method is-config="true" signature="configAS()[pri:0, instance:com.comcast.crm.orgtest.CreateOrganizationTest@5ddeb7cb]" started-at="2024-08-11T21:27:57 IST" name="configAS" finished-at="2024-08-11T21:28:12 IST" duration-ms="15180" status="PASS">
          <reporter-output>
          </reporter-output>
        </test-method> <!-- configAS -->
      </class> <!-- com.comcast.crm.orgtest.CreateOrganizationTest -->
    </test> <!-- Default test -->
  </suite> <!-- Default suite -->
</testng-results>
